<?xml version="1.0" encoding="UTF-8"?>
<!-- Generated by org.testng.reporters.JUnitReportReporter -->
<testsuite skipped="0" hostname="DESKTOP-3A98HLQ" name="com.w2sa.testcases.LoginTest" tests="1" failures="0" timestamp="13 Oct 2019 14:32:18 GMT" time="4.125" errors="0">
  <testcase name="loginAsBankMgr" time="4.125" classname="com.w2sa.testcases.LoginTest"/>
</testsuite> <!-- com.w2sa.testcases.LoginTest -->
