<?xml version="1.0" encoding="UTF-8"?>
<!-- Generated by org.testng.reporters.JUnitReportReporter -->
<testsuite skipped="0" hostname="DESKTOP-3A98HLQ" name="com.w2sa.testcases.BankMngrLoginTest" tests="1" failures="0" timestamp="18 Oct 2019 05:49:00 GMT" time="4.079" errors="0">
  <testcase name="loginAsBankMgr" time="4.079" classname="com.w2sa.testcases.BankMngrLoginTest"/>
</testsuite> <!-- com.w2sa.testcases.BankMngrLoginTest -->
