<?xml version="1.0" encoding="UTF-8"?>
<!-- Generated by org.testng.reporters.JUnitReportReporter -->
<testsuite skipped="0" hostname="DESKTOP-3A98HLQ" name="com.w2sa.testcases.AddCustomerTest" tests="1" failures="0" timestamp="18 Oct 2019 05:49:00 GMT" time="12.469" errors="0">
  <testcase name="addCustomer" time="12.469" classname="com.w2sa.testcases.AddCustomerTest"/>
</testsuite> <!-- com.w2sa.testcases.AddCustomerTest -->
